#
# A fatal error has been detected by the Java Runtime Environment:
#
#  EXCEPTION_ACCESS_VIOLATION (0xc0000005) at pc=0x01a0b1de, pid=11732, tid=0x000025c4
#
# JRE version: Java(TM) SE Runtime Environment (8.0_281-b09) (build 1.8.0_281-b09)
# Java VM: Java HotSpot(TM) Client VM (25.281-b09 mixed mode, sharing windows-x86 )
# Problematic frame:
# j  java.awt.LightweightDispatcher.dispatchEvent(Ljava/awt/AWTEvent;)Z+0
#
# Failed to write core dump. Minidumps are not enabled by default on client versions of Windows
#
# If you would like to submit a bug report, please visit:
#   http://bugreport.java.com/bugreport/crash.jsp
#

---------------  T H R E A D  ---------------

Current thread (0x14d02000):  JavaThread "AWT-EventQueue-0" [_thread_in_Java, id=9668, stack(0x15130000,0x15180000)]

siginfo: ExceptionCode=0xc0000005, writing address 0x15178ff4

Registers:
EAX=0x00000000, EBX=0x147a44f0, ECX=0x00000019, EDX=0x147a4990
ESP=0x1517cff4, EBP=0x1517d014, ESI=0x13bdd8a0, EDI=0x1517d028
EIP=0x01a0b1de, EFLAGS=0x00010287

Top of Stack: (sp=0x1517cff4)
0x1517cff4:   1517cff4 13bdd8a0 1517d028 147a4990
0x1517d004:   00000000 147a44f0 00000000 1517d024
0x1517d014:   1517d04c 01a04090 00000000 00000000
0x1517d024:   03cc8238 03d16d50 1517d02c 13b3da94
0x1517d034:   1517d060 14720f18 00000000 14712d10
0x1517d044:   1517d024 1517d05c 1517d084 01a045e4
0x1517d054:   00000000 00000000 03cc8238 03bed528
0x1517d064:   1517d064 13b5b2ab 1517d090 1472e030 

Instructions: (pc=0x01a0b1de)
0x01a0b1be:   0d 5c 01 6e 6f 0f 83 5d 00 00 00 89 84 24 00 f0
0x01a0b1ce:   ff ff 89 84 24 00 e0 ff ff 89 84 24 00 d0 ff ff
0x01a0b1de:   89 84 24 00 c0 ff ff 64 8b 04 25 00 00 00 00 8b
0x01a0b1ee:   40 f4 c6 80 95 01 00 00 00 80 3d bd b0 6e 6f 00 


Register to memory mapping:

EAX=0x00000000 is an unknown value
EBX={method} {0x147a44f4} 'dispatchEvent' '(Ljava/awt/AWTEvent;)Z' in 'java/awt/LightweightDispatcher'
ECX=0x00000019 is an unknown value
EDX=0x147a4990 is pointing into metadata
ESP=0x1517cff4 is pointing into the stack for thread: 0x14d02000
EBP=0x1517d014 is pointing into the stack for thread: 0x14d02000
ESI=0x13bdd8a0 is pointing into metadata
EDI=0x1517d028 is pointing into the stack for thread: 0x14d02000


Stack: [0x15130000,0x15180000],  sp=0x1517cff4,  free space=307k
Native frames: (J=compiled Java code, j=interpreted, Vv=VM code, C=native code)
j  java.awt.LightweightDispatcher.dispatchEvent(Ljava/awt/AWTEvent;)Z+0
j  java.awt.Container.dispatchEventImpl(Ljava/awt/AWTEvent;)V+12
j  java.awt.Window.dispatchEventImpl(Ljava/awt/AWTEvent;)V+19
j  java.awt.Component.dispatchEvent(Ljava/awt/AWTEvent;)V+2
j  java.awt.EventQueue.dispatchEventImpl(Ljava/awt/AWTEvent;Ljava/lang/Object;)V+41
j  java.awt.EventQueue.access$500(Ljava/awt/EventQueue;Ljava/awt/AWTEvent;Ljava/lang/Object;)V+3
j  java.awt.EventQueue$3.run()Ljava/lang/Void;+32
j  java.awt.EventQueue$3.run()Ljava/lang/Object;+1
v  ~StubRoutines::call_stub
V  [jvm.dll+0x1653c4]
V  [jvm.dll+0x2360ab]
V  [jvm.dll+0x164f6a]
V  [jvm.dll+0x1064a7]
C  [java.dll+0x102f]
j  java.security.ProtectionDomain$JavaSecurityAccessImpl.doIntersectionPrivilege(Ljava/security/PrivilegedAction;Ljava/security/AccessControlContext;Ljava/security/AccessControlContext;)Ljava/lang/Object;+18
j  java.security.ProtectionDomain$JavaSecurityAccessImpl.doIntersectionPrivilege(Ljava/security/PrivilegedAction;Ljava/security/AccessControlContext;)Ljava/lang/Object;+6
j  java.awt.EventQueue$4.run()Ljava/lang/Void;+11
j  java.awt.EventQueue$4.run()Ljava/lang/Object;+1
v  ~StubRoutines::call_stub
V  [jvm.dll+0x1653c4]
V  [jvm.dll+0x2360ab]
V  [jvm.dll+0x164f6a]
V  [jvm.dll+0x1064a7]
C  [java.dll+0x102f]
j  java.security.ProtectionDomain$JavaSecurityAccessImpl.doIntersectionPrivilege(Ljava/security/PrivilegedAction;Ljava/security/AccessControlContext;Ljava/security/AccessControlContext;)Ljava/lang/Object;+18
j  java.awt.EventQueue.dispatchEvent(Ljava/awt/AWTEvent;)V+73
j  java.awt.SentEvent.dispatch()V+14
j  java.awt.DefaultKeyboardFocusManager$DefaultKeyboardFocusManagerSentEvent.dispatch()V+46
j  java.awt.DefaultKeyboardFocusManager.sendMessage(Ljava/awt/Component;Ljava/awt/AWTEvent;)Z+32
j  java.awt.DefaultKeyboardFocusManager.dispatchEvent(Ljava/awt/AWTEvent;)Z+282
j  java.awt.Component.dispatchEventImpl(Ljava/awt/AWTEvent;)V+151
j  java.awt.Container.dispatchEventImpl(Ljava/awt/AWTEvent;)V+42
j  java.awt.Window.dispatchEventImpl(Ljava/awt/AWTEvent;)V+19
j  java.awt.Component.dispatchEvent(Ljava/awt/AWTEvent;)V+2
j  java.awt.EventQueue.dispatchEventImpl(Ljava/awt/AWTEvent;Ljava/lang/Object;)V+41
j  java.awt.EventQueue.access$500(Ljava/awt/EventQueue;Ljava/awt/AWTEvent;Ljava/lang/Object;)V+3
j  java.awt.EventQueue$3.run()Ljava/lang/Void;+32
j  java.awt.EventQueue$3.run()Ljava/lang/Object;+1
v  ~StubRoutines::call_stub
V  [jvm.dll+0x1653c4]
V  [jvm.dll+0x2360ab]
V  [jvm.dll+0x164f6a]
V  [jvm.dll+0x1064a7]
C  [java.dll+0x102f]
j  java.security.ProtectionDomain$JavaSecurityAccessImpl.doIntersectionPrivilege(Ljava/security/PrivilegedAction;Ljava/security/AccessControlContext;Ljava/security/AccessControlContext;)Ljava/lang/Object;+18
j  java.security.ProtectionDomain$JavaSecurityAccessImpl.doIntersectionPrivilege(Ljava/security/PrivilegedAction;Ljava/security/AccessControlContext;)Ljava/lang/Object;+6
j  java.awt.EventQueue$4.run()Ljava/lang/Void;+11
j  java.awt.EventQueue$4.run()Ljava/lang/Object;+1
v  ~StubRoutines::call_stub
V  [jvm.dll+0x1653c4]
V  [jvm.dll+0x2360ab]
V  [jvm.dll+0x164f6a]
V  [jvm.dll+0x1064a7]
C  [java.dll+0x102f]
j  java.security.ProtectionDomain$JavaSecurityAccessImpl.doIntersectionPrivilege(Ljava/security/PrivilegedAction;Ljava/security/AccessControlContext;Ljava/security/AccessControlContext;)Ljava/lang/Object;+18
j  java.awt.EventQueue.dispatchEvent(Ljava/awt/AWTEvent;)V+73
j  java.awt.SequencedEvent.dispatch()V+112
j  java.awt.EventQueue.dispatchEventImpl(Ljava/awt/AWTEvent;Ljava/lang/Object;)V+21
j  java.awt.EventQueue.access$500(Ljava/awt/EventQueue;Ljava/awt/AWTEvent;Ljava/lang/Object;)V+3
j  java.awt.EventQueue$3.run()Ljava/lang/Void;+32
j  java.awt.EventQueue$3.run()Ljava/lang/Object;+1
v  ~StubRoutines::call_stub
V  [jvm.dll+0x1653c4]
V  [jvm.dll+0x2360ab]
V  [jvm.dll+0x164f6a]
V  [jvm.dll+0x1064a7]
C  [java.dll+0x102f]
j  java.security.ProtectionDomain$JavaSecurityAccessImpl.doIntersectionPrivilege(Ljava/security/PrivilegedAction;Ljava/security/AccessControlContext;Ljava/security/AccessControlContext;)Ljava/lang/Object;+18
j  java.security.ProtectionDomain$JavaSecurityAccessImpl.doIntersectionPrivilege(Ljava/security/PrivilegedAction;Ljava/security/AccessControlContext;)Ljava/lang/Object;+6
j  java.awt.EventQueue$4.run()Ljava/lang/Void;+11
j  java.awt.EventQueue$4.run()Ljava/lang/Object;+1
v  ~StubRoutines::call_stub
V  [jvm.dll+0x1653c4]
V  [jvm.dll+0x2360ab]
V  [jvm.dll+0x164f6a]
V  [jvm.dll+0x1064a7]
C  [java.dll+0x102f]
j  java.security.ProtectionDomain$JavaSecurityAccessImpl.doIntersectionPrivilege(Ljava/security/PrivilegedAction;Ljava/security/AccessControlContext;Ljava/security/AccessControlContext;)Ljava/lang/Object;+18
j  java.awt.EventQueue.dispatchEvent(Ljava/awt/AWTEvent;)V+73
j  java.awt.EventDispatchThread.pumpOneEventForFilters(I)V+140
j  java.awt.EventDispatchThread.pumpEventsForFilter(ILjava/awt/Conditional;Ljava/awt/EventFilter;)V+35
j  java.awt.EventDispatchThread.pumpEventsForHierarchy(ILjava/awt/Conditional;Ljava/awt/Component;)V+11
j  java.awt.EventDispatchThread.pumpEvents(ILjava/awt/Conditional;)V+4
j  java.awt.EventDispatchThread.pumpEvents(Ljava/awt/Conditional;)V+3
j  java.awt.EventDispatchThread.run()V+9
v  ~StubRoutines::call_stub
V  [jvm.dll+0x1653c4]
V  [jvm.dll+0x2360ab]
V  [jvm.dll+0x165b77]
V  [jvm.dll+0x165ab6]
V  [jvm.dll+0x10116b]
V  [jvm.dll+0x189bd4]
V  [jvm.dll+0x1cf04b]
C  [ucrtbase.DLL+0x3deef]
C  [kernel32.dll+0x4efac]
C  [ntdll.dll+0x63628]
C  [ntdll.dll+0x635fb]
C  0x00000000


---------------  P R O C E S S  ---------------

Java Threads: ( => current thread )
  0x14d02800 JavaThread "DestroyJavaVM" [_thread_blocked, id=12152, stack(0x01280000,0x012d0000)]
=>0x14d02000 JavaThread "AWT-EventQueue-0" [_thread_in_Java, id=9668, stack(0x15130000,0x15180000)]
  0x14d01c00 JavaThread "AWT-Windows" daemon [_thread_in_native, id=2192, stack(0x13920000,0x13970000)]
  0x14d01400 JavaThread "AWT-Shutdown" [_thread_blocked, id=12056, stack(0x14f10000,0x14f60000)]
  0x14d01000 JavaThread "Java2D Disposer" daemon [_thread_blocked, id=12156, stack(0x15010000,0x15060000)]
  0x14d00400 JavaThread "Service Thread" daemon [_thread_blocked, id=11952, stack(0x14450000,0x144a0000)]
  0x00188400 JavaThread "C1 CompilerThread0" daemon [_thread_blocked, id=6552, stack(0x14cb0000,0x14d00000)]
  0x0017ec00 JavaThread "Attach Listener" daemon [_thread_blocked, id=11192, stack(0x145b0000,0x14600000)]
  0x0017c000 JavaThread "Signal Dispatcher" daemon [_thread_blocked, id=12184, stack(0x138d0000,0x13920000)]
  0x0016c800 JavaThread "Finalizer" daemon [_thread_blocked, id=12052, stack(0x144a0000,0x144f0000)]
  0x0010fc00 JavaThread "Reference Handler" daemon [_thread_blocked, id=10528, stack(0x012d0000,0x01320000)]

Other Threads:
  0x00109000 VMThread [stack: 0x13970000,0x139c0000] [id=11908]
  0x14d11800 WatcherThread [stack: 0x14c60000,0x14cb0000] [id=12132]

VM state:not at safepoint (normal execution)

VM Mutex/Monitor currently owned by a thread: None

Heap:
 def new generation   total 4928K, used 3375K [0x03a00000, 0x03f50000, 0x08ea0000)
  eden space 4416K,  76% used [0x03a00000, 0x03d4bf00, 0x03e50000)
  from space 512K,   0% used [0x03e50000, 0x03e50000, 0x03ed0000)
  to   space 512K,   0% used [0x03ed0000, 0x03ed0000, 0x03f50000)
 tenured generation   total 10944K, used 0K [0x08ea0000, 0x09950000, 0x13800000)
   the space 10944K,   0% used [0x08ea0000, 0x08ea0000, 0x08ea0200, 0x09950000)
 Metaspace       used 273K, capacity 2506K, committed 2624K, reserved 4480K

Card table byte_map: [0x01160000,0x011e0000] byte_map_base: 0x01143000

Polling page: 0x001b0000

CodeCache: size=32768Kb used=843Kb max_used=843Kb free=31924Kb
 bounds [0x01a00000, 0x01ad8000, 0x03a00000]
 total_blobs=353 nmethods=145 adapters=140
 compilation: enabled

Compilation events (10 events):
Event: 1.210 Thread 0x00188400  141             java.nio.Bits::getCharB (16 bytes)
Event: 1.210 Thread 0x00188400 nmethod 141 0x01ad1188 code [0x01ad1290, 0x01ad1368]
Event: 1.210 Thread 0x00188400  142             java.nio.Bits::makeChar (12 bytes)
Event: 1.210 Thread 0x00188400 nmethod 142 0x01ad1408 code [0x01ad1500, 0x01ad1580]
Event: 1.210 Thread 0x00188400  143             java.nio.ByteBufferAsCharBufferB::get (16 bytes)
Event: 1.211 Thread 0x00188400 nmethod 143 0x01ad15c8 code [0x01ad16f0, 0x01ad1854]
Event: 1.211 Thread 0x00188400  144             java.nio.ByteBufferAsCharBufferB::ix (9 bytes)
Event: 1.211 Thread 0x00188400 nmethod 144 0x01ad1988 code [0x01ad1a80, 0x01ad1b00]
Event: 1.212 Thread 0x00188400  145             sun.font.CMap$CMapFormat4::<init> (342 bytes)
Event: 1.214 Thread 0x00188400 nmethod 145 0x01ad1b48 code [0x01ad1d60, 0x01ad2530]

GC Heap History (0 events):
No events

Deoptimization events (0 events):
No events

Classes redefined (0 events):
No events

Internal exceptions (10 events):
Event: 0.033 Thread 0x000e4000 Exception <a 'java/lang/NoSuchMethodError': Method sun.misc.Unsafe.defineClass(Ljava/lang/String;[BII)Ljava/lang/Class; name or signature does not match> (0x03a079f8) thrown at [C:\jenkins\workspace\8-2-build-windows-i586-cygwin\jdk8u281\880\hotspot\src\s
Event: 0.033 Thread 0x000e4000 Exception <a 'java/lang/NoSuchMethodError': Method sun.misc.Unsafe.prefetchRead(Ljava/lang/Object;J)V name or signature does not match> (0x03a07cc8) thrown at [C:\jenkins\workspace\8-2-build-windows-i586-cygwin\jdk8u281\880\hotspot\src\share\vm\prims\jni.
Event: 0.364 Thread 0x000e4000 Exception <a 'java/security/PrivilegedActionException'> (0x03aa33b0) thrown at [C:\jenkins\workspace\8-2-build-windows-i586-cygwin\jdk8u281\880\hotspot\src\share\vm\prims\jvm.cpp, line 1512]
Event: 0.364 Thread 0x000e4000 Exception <a 'java/security/PrivilegedActionException'> (0x03aa35b0) thrown at [C:\jenkins\workspace\8-2-build-windows-i586-cygwin\jdk8u281\880\hotspot\src\share\vm\prims\jvm.cpp, line 1512]
Event: 0.365 Thread 0x000e4000 Exception <a 'java/security/PrivilegedActionException'> (0x03aa6db8) thrown at [C:\jenkins\workspace\8-2-build-windows-i586-cygwin\jdk8u281\880\hotspot\src\share\vm\prims\jvm.cpp, line 1512]
Event: 0.365 Thread 0x000e4000 Exception <a 'java/security/PrivilegedActionException'> (0x03aa6fb8) thrown at [C:\jenkins\workspace\8-2-build-windows-i586-cygwin\jdk8u281\880\hotspot\src\share\vm\prims\jvm.cpp, line 1512]
Event: 0.373 Thread 0x000e4000 Exception <a 'java/io/FileNotFoundException'> (0x03aabf10) thrown at [C:\jenkins\workspace\8-2-build-windows-i586-cygwin\jdk8u281\880\hotspot\src\share\vm\prims\jni.cpp, line 710]
Event: 0.440 Thread 0x000e4000 Exception <a 'java/lang/NoSuchFieldError': method resolution failed> (0x03b6a4b0) thrown at [C:\jenkins\workspace\8-2-build-windows-i586-cygwin\jdk8u281\880\hotspot\src\share\vm\prims\methodHandles.cpp, line 1169]
Event: 0.444 Thread 0x000e4000 Exception <a 'java/lang/NoSuchFieldError': method resolution failed> (0x03b76650) thrown at [C:\jenkins\workspace\8-2-build-windows-i586-cygwin\jdk8u281\880\hotspot\src\share\vm\prims\methodHandles.cpp, line 1169]
Event: 0.492 Thread 0x000e4000 Exception <a 'java/io/FileNotFoundException'> (0x03c00768) thrown at [C:\jenkins\workspace\8-2-build-windows-i586-cygwin\jdk8u281\880\hotspot\src\share\vm\prims\jni.cpp, line 710]

Events (10 events):
Event: 0.592 loading class com/sun/swing/internal/plaf/basic/resources/basic_en_IN done
Event: 0.636 Thread 0x14d02000 Thread added: 0x14d02000
Event: 1.187 loading class sun/nio/ch/Util$2
Event: 1.187 loading class sun/nio/ch/Util$2 done
Event: 1.190 Executing VM operation: Deoptimize
Event: 1.190 Executing VM operation: Deoptimize done
Event: 1.194 loading class sun/font/NullFontScaler
Event: 1.208 loading class sun/font/NullFontScaler done
Event: 1.227 Thread 0x000e4000 Thread exited: 0x000e4000
Event: 1.227 Thread 0x14d02800 Thread added: 0x14d02800


Dynamic libraries:
0x01370000 - 0x013af000 	C:\Program Files\Java\jre1.8.0_281\bin\javaw.exe
0x770e0000 - 0x77222000 	C:\Windows\SYSTEM32\ntdll.dll
0x75860000 - 0x75935000 	C:\Windows\system32\kernel32.dll
0x750c0000 - 0x7510b000 	C:\Windows\system32\KERNELBASE.dll
0x77280000 - 0x77321000 	C:\Windows\system32\ADVAPI32.dll
0x75c00000 - 0x75cac000 	C:\Windows\system32\msvcrt.dll
0x75b10000 - 0x75b29000 	C:\Windows\SYSTEM32\sechost.dll
0x77030000 - 0x770d2000 	C:\Windows\system32\RPCRT4.dll
0x76ca0000 - 0x76d69000 	C:\Windows\system32\USER32.dll
0x751e0000 - 0x7522e000 	C:\Windows\system32\GDI32.dll
0x77230000 - 0x7723a000 	C:\Windows\system32\LPK.dll
0x75cb0000 - 0x75d4d000 	C:\Windows\system32\USP10.dll
0x73ee0000 - 0x7407e000 	C:\Windows\WinSxS\x86_microsoft.windows.common-controls_6595b64144ccf1df_6.0.7601.18837_none_41e855142bd5705d\COMCTL32.dll
0x76c40000 - 0x76c97000 	C:\Windows\system32\SHLWAPI.dll
0x77240000 - 0x7725f000 	C:\Windows\system32\IMM32.DLL
0x75d50000 - 0x75e1d000 	C:\Windows\system32\MSCTF.dll
0x6d960000 - 0x6d963000 	C:\Windows\system32\api-ms-win-core-synch-l1-2-0.DLL
0x6f770000 - 0x6f783000 	C:\Program Files\Java\jre1.8.0_281\bin\vcruntime140.dll
0x72d00000 - 0x72d04000 	C:\Program Files\Java\jre1.8.0_281\bin\api-ms-win-crt-runtime-l1-1-0.dll
0x64770000 - 0x6488f000 	C:\Program Files\Java\jre1.8.0_281\bin\ucrtbase.DLL
0x72e20000 - 0x72e23000 	C:\Program Files\Java\jre1.8.0_281\bin\api-ms-win-core-localization-l1-2-0.dll
0x72cc0000 - 0x72cc3000 	C:\Program Files\Java\jre1.8.0_281\bin\api-ms-win-core-processthreads-l1-1-1.dll
0x72cf0000 - 0x72cf3000 	C:\Program Files\Java\jre1.8.0_281\bin\api-ms-win-core-file-l1-2-0.dll
0x72a30000 - 0x72a33000 	C:\Program Files\Java\jre1.8.0_281\bin\api-ms-win-core-timezone-l1-1-0.dll
0x72a40000 - 0x72a43000 	C:\Program Files\Java\jre1.8.0_281\bin\api-ms-win-core-file-l2-1-0.dll
0x71040000 - 0x71043000 	C:\Program Files\Java\jre1.8.0_281\bin\api-ms-win-crt-heap-l1-1-0.dll
0x71530000 - 0x71534000 	C:\Program Files\Java\jre1.8.0_281\bin\api-ms-win-crt-string-l1-1-0.dll
0x70ad0000 - 0x70ad4000 	C:\Program Files\Java\jre1.8.0_281\bin\api-ms-win-crt-stdio-l1-1-0.dll
0x70f60000 - 0x70f64000 	C:\Program Files\Java\jre1.8.0_281\bin\api-ms-win-crt-convert-l1-1-0.dll
0x69db0000 - 0x69e1f000 	C:\Program Files\Java\jre1.8.0_281\bin\msvcp140.dll
0x709b0000 - 0x709b3000 	C:\Program Files\Java\jre1.8.0_281\bin\api-ms-win-crt-locale-l1-1-0.dll
0x70ac0000 - 0x70ac5000 	C:\Program Files\Java\jre1.8.0_281\bin\api-ms-win-crt-math-l1-1-0.dll
0x70650000 - 0x70653000 	C:\Program Files\Java\jre1.8.0_281\bin\api-ms-win-crt-filesystem-l1-1-0.dll
0x70660000 - 0x70663000 	C:\Program Files\Java\jre1.8.0_281\bin\api-ms-win-crt-time-l1-1-0.dll
0x703e0000 - 0x703e3000 	C:\Program Files\Java\jre1.8.0_281\bin\api-ms-win-crt-environment-l1-1-0.dll
0x70640000 - 0x70643000 	C:\Program Files\Java\jre1.8.0_281\bin\api-ms-win-crt-utility-l1-1-0.dll
0x6f350000 - 0x6f72e000 	C:\Program Files\Java\jre1.8.0_281\bin\client\jvm.dll
0x71b50000 - 0x71b57000 	C:\Windows\system32\WSOCK32.dll
0x75b30000 - 0x75b65000 	C:\Windows\system32\WS2_32.dll
0x759a0000 - 0x759a6000 	C:\Windows\system32\NSI.dll
0x73200000 - 0x73232000 	C:\Windows\system32\WINMM.dll
0x74340000 - 0x74349000 	C:\Windows\system32\VERSION.dll
0x77270000 - 0x77275000 	C:\Windows\system32\PSAPI.DLL
0x6a2d0000 - 0x6a2dd000 	C:\Program Files\Java\jre1.8.0_281\bin\verify.dll
0x6a2a0000 - 0x6a2c4000 	C:\Program Files\Java\jre1.8.0_281\bin\java.dll
0x6a270000 - 0x6a284000 	C:\Program Files\Java\jre1.8.0_281\bin\zip.dll
0x75ff0000 - 0x76c3c000 	C:\Windows\system32\SHELL32.dll
0x759b0000 - 0x75b0d000 	C:\Windows\system32\ole32.dll
0x74eb0000 - 0x74ebb000 	C:\Windows\system32\profapi.dll
0x64a00000 - 0x64b4b000 	C:\Program Files\Java\jre1.8.0_281\bin\awt.dll
0x76df0000 - 0x76e81000 	C:\Windows\system32\OLEAUT32.dll
0x737b0000 - 0x737c3000 	C:\Windows\system32\DWMAPI.DLL
0x646a0000 - 0x64768000 	C:\Windows\system32\opengl32.dll
0x70330000 - 0x70352000 	C:\Windows\system32\GLU32.dll
0x645b0000 - 0x64697000 	C:\Windows\system32\DDRAW.dll
0x703d0000 - 0x703d6000 	C:\Windows\system32\DCIMAN32.dll
0x76e90000 - 0x7702d000 	C:\Windows\system32\SETUPAPI.dll
0x74f20000 - 0x74f47000 	C:\Windows\system32\CFGMGR32.dll
0x74ef0000 - 0x74f02000 	C:\Windows\system32\DEVOBJ.dll
0x74da0000 - 0x74dac000 	C:\Windows\system32\CRYPTBASE.dll
0x6a9d0000 - 0x6aa0d000 	C:\Program Files\Java\jre1.8.0_281\bin\fontmanager.dll
0x75b70000 - 0x75bf3000 	C:\Windows\system32\CLBCatQ.DLL
0x73540000 - 0x73671000 	C:\Windows\system32\WindowsCodecs.dll
0x74d50000 - 0x74d9c000 	C:\Windows\system32\apphelp.dll
0x6f100000 - 0x6f131000 	C:\Windows\system32\EhStorShell.dll
0x73c90000 - 0x73d85000 	C:\Windows\system32\PROPSYS.dll
0x6f090000 - 0x6f0fa000 	C:\Windows\System32\cscui.dll
0x6f080000 - 0x6f089000 	C:\Windows\System32\CSCDLL.dll
0x6f070000 - 0x6f07b000 	C:\Windows\system32\CSCAPI.dll
0x6ef80000 - 0x6eff0000 	C:\Windows\system32\ntshrui.dll
0x74ca0000 - 0x74cb9000 	C:\Windows\system32\srvcli.dll
0x72f10000 - 0x72f1a000 	C:\Windows\system32\slc.dll
0x6a250000 - 0x6a267000 	C:\Program Files\Java\jre1.8.0_281\bin\net.dll
0x74870000 - 0x748ac000 	C:\Windows\system32\mswsock.dll
0x74860000 - 0x74866000 	C:\Windows\System32\wship6.dll
0x6a240000 - 0x6a24f000 	C:\Program Files\Java\jre1.8.0_281\bin\nio.dll
0x69e50000 - 0x69e87000 	C:\Program Files\Java\jre1.8.0_281\bin\t2k.dll

VM Arguments:
jvm_args: -Dfile.encoding=Cp1252 
java_command: project.TLS4
java_class_path (initial): C:\Program Files\Java\jre1.8.0_281\lib\resources.jar;C:\Program Files\Java\jre1.8.0_281\lib\rt.jar;C:\Program Files\Java\jre1.8.0_281\lib\jsse.jar;C:\Program Files\Java\jre1.8.0_281\lib\jce.jar;C:\Program Files\Java\jre1.8.0_281\lib\charsets.jar;C:\Program Files\Java\jre1.8.0_281\lib\jfr.jar;C:\Program Files\Java\jre1.8.0_281\lib\ext\access-bridge.jar;C:\Program Files\Java\jre1.8.0_281\lib\ext\cldrdata.jar;C:\Program Files\Java\jre1.8.0_281\lib\ext\dnsns.jar;C:\Program Files\Java\jre1.8.0_281\lib\ext\jaccess.jar;C:\Program Files\Java\jre1.8.0_281\lib\ext\jfxrt.jar;C:\Program Files\Java\jre1.8.0_281\lib\ext\localedata.jar;C:\Program Files\Java\jre1.8.0_281\lib\ext\nashorn.jar;C:\Program Files\Java\jre1.8.0_281\lib\ext\sunec.jar;C:\Program Files\Java\jre1.8.0_281\lib\ext\sunjce_provider.jar;C:\Program Files\Java\jre1.8.0_281\lib\ext\sunmscapi.jar;C:\Program Files\Java\jre1.8.0_281\lib\ext\sunpkcs11.jar;C:\Program Files\Java\jre1.8.0_281\lib\ext\zipfs.jar;C:\Users\Guest\eclipse-workspace\PROJECT\bin
Launcher Type: SUN_STANDARD

Environment Variables:
PATH=C:/Program Files/Java/jre1.8.0_281/bin/client;C:/Program Files/Java/jre1.8.0_281/bin;C:/Program Files/Java/jre1.8.0_281/lib/i386;C:\Program Files\Common Files\Oracle\Java\javapath;C:\Program Files\Java\jdk1.8.0_281\bin;C:\Program Files\eclipse;
USERNAME=Guest
OS=Windows_NT
PROCESSOR_IDENTIFIER=x86 Family 6 Model 15 Stepping 13, GenuineIntel



---------------  S Y S T E M  ---------------

OS: Windows 7 Build 7601 (6.1.7601.24168)

CPU:total 2 (initial active 2) (2 cores per cpu, 1 threads per core) family 6 model 15 stepping 13, cmov, cx8, fxsr, mmx, sse, sse2, sse3, ssse3, tsc

Memory: 4k page, physical 1039668k(114184k free), swap 5232948k(5052k free)

vm_info: Java HotSpot(TM) Client VM (25.281-b09) for windows-x86 JRE (1.8.0_281-b09), built on Dec  9 2020 12:52:05 by "" with MS VC++ 15.9 (VS2017)

time: Thu Feb 25 20:48:15 2021
timezone: India Standard Time
elapsed time: 1.320402 seconds (0d 0h 0m 1s)

